<?xml version="1.0" encoding="UTF-8"?>
<!-- Generated by org.testng.reporters.JUnitXMLReporter -->
<testsuite ignored="0" hostname="DESKTOP-221B81F" failures="1" tests="1" name="Default test" time="67.74" errors="0" timestamp="2024-06-09T19:54:51 IST">
  <testcase classname="io.cucumber.testng.AbstractTestNGCucumberTests" name="runScenario" time="63.901">
    <failure type="java.lang.AssertionError" message="expected [needs] but found [Needs Analysis]">
      <![CDATA[java.lang.AssertionError: expected [needs] but found [Needs Analysis]
at org.testng.Assert.fail(Assert.java:111)
at org.testng.Assert.failNotEquals(Assert.java:1578)
at org.testng.Assert.assertEqualsImpl(Assert.java:150)
at org.testng.Assert.assertEquals(Assert.java:132)
at org.testng.Assert.assertEquals(Assert.java:656)
at org.testng.Assert.assertEquals(Assert.java:666)
at StepDefinitions.CreateOpportunityNeedsAnalysis.verify_opportunity_details_for_stage_need_analysis(CreateOpportunityNeedsAnalysis.java:53)
at âœ½.verify opportunity details for stage needs analysis(file:///E:/SeleniumWorkSpace/DevSandboxBDDTestNGFramework/src/test/java/Features/CreateNewOpportunity.feature:15)
]]>
    </failure>
  </testcase> <!-- runScenario -->
</testsuite> <!-- Default test -->
