<?xml version="1.0" encoding="UTF-8"?>
<testng-results ignored="0" total="1" passed="0" failed="1" skipped="0">
  <reporter-output>
  </reporter-output>
  <suite started-at="2024-06-09T19:53:43 IST" name="Default suite" finished-at="2024-06-09T19:54:51 IST" duration-ms="67740">
    <groups>
      <group name="cucumber">
        <method signature="AbstractTestNGCucumberTests.runScenario(io.cucumber.testng.PickleWrapper,io.cucumber.testng.FeatureWrapper)[pri:0, instance:Runner.MyRunner@399c4be1]" name="runScenario" class="io.cucumber.testng.AbstractTestNGCucumberTests"/>
      </group> <!-- cucumber -->
    </groups>
    <test started-at="2024-06-09T19:53:43 IST" name="Default test" finished-at="2024-06-09T19:54:51 IST" duration-ms="67740">
      <class name="Runner.MyRunner">
        <test-method is-config="true" signature="setUpClass(org.testng.ITestContext)[pri:0, instance:Runner.MyRunner@399c4be1]" started-at="2024-06-09T19:53:43 IST" name="setUpClass" finished-at="2024-06-09T19:53:44 IST" duration-ms="1020" status="PASS">
          <params>
            <param index="0">
              <value>
                <![CDATA[org.testng.TestRunner@ac417a2]]>
              </value>
            </param>
          </params>
          <reporter-output>
          </reporter-output>
        </test-method> <!-- setUpClass -->
        <test-method signature="runScenario(io.cucumber.testng.PickleWrapper,io.cucumber.testng.FeatureWrapper)[pri:0, instance:Runner.MyRunner@399c4be1]" started-at="2024-06-09T19:53:44 IST" name="runScenario" description="Runs Cucumber Scenarios" data-provider="scenarios" finished-at="2024-06-09T19:54:48 IST" duration-ms="63901" status="FAIL">
          <params>
            <param index="0">
              <value>
                <![CDATA["Create Needs Analysis Stage Opportunity"]]>
              </value>
            </param>
            <param index="1">
              <value>
                <![CDATA["create opportunity in sales console with different stages and validate"]]>
              </value>
            </param>
          </params>
          <exception class="java.lang.AssertionError">
            <message>
              <![CDATA[expected [needs] but found [Needs Analysis]]]>
            </message>
            <full-stacktrace>
              <![CDATA[java.lang.AssertionError: expected [needs] but found [Needs Analysis]
at org.testng.Assert.fail(Assert.java:111)
at org.testng.Assert.failNotEquals(Assert.java:1578)
at org.testng.Assert.assertEqualsImpl(Assert.java:150)
at org.testng.Assert.assertEquals(Assert.java:132)
at org.testng.Assert.assertEquals(Assert.java:656)
at org.testng.Assert.assertEquals(Assert.java:666)
at StepDefinitions.CreateOpportunityNeedsAnalysis.verify_opportunity_details_for_stage_need_analysis(CreateOpportunityNeedsAnalysis.java:53)
at âœ½.verify opportunity details for stage needs analysis(file:///E:/SeleniumWorkSpace/DevSandboxBDDTestNGFramework/src/test/java/Features/CreateNewOpportunity.feature:15)
]]>
            </full-stacktrace>
          </exception> <!-- java.lang.AssertionError -->
          <reporter-output>
          </reporter-output>
        </test-method> <!-- runScenario -->
        <test-method is-config="true" signature="tearDownClass()[pri:0, instance:Runner.MyRunner@399c4be1]" started-at="2024-06-09T19:54:48 IST" name="tearDownClass" finished-at="2024-06-09T19:54:51 IST" duration-ms="2747" status="PASS">
          <reporter-output>
          </reporter-output>
        </test-method> <!-- tearDownClass -->
      </class> <!-- Runner.MyRunner -->
    </test> <!-- Default test -->
  </suite> <!-- Default suite -->
</testng-results>
